<?xml version="1.0" encoding="UTF-8"?>
<testsuite name="BarTests" tests="1" skipped="0" failures="0" errors="0" timestamp="2021-12-12T22:03:14" hostname="LAPTOP-B1EAS5LM" time="0.027">
  <properties/>
  <testcase name="happyHour()" classname="BarTests" time="0.027"/>
  <system-out><![CDATA[]]></system-out>
  <system-err><![CDATA[]]></system-err>
</testsuite>
