<?xml version="1.0" encoding="UTF-8"?>
<testsuite name="StringInverterTests" tests="1" skipped="0" failures="0" errors="0" timestamp="2021-12-03T15:17:07" hostname="LAPTOP-B1EAS5LM" time="0.025">
  <properties/>
  <testcase name="stringInverter()" classname="StringInverterTests" time="0.025"/>
  <system-out><![CDATA[]]></system-out>
  <system-err><![CDATA[]]></system-err>
</testsuite>
