<?xml version="1.0" encoding="UTF-8"?>
<testsuite name="StringCaseChangerTests" tests="1" skipped="0" failures="0" errors="0" timestamp="2021-12-03T15:43:36" hostname="LAPTOP-B1EAS5LM" time="0.014">
  <properties/>
  <testcase name="stringCaseChanger()" classname="StringCaseChangerTests" time="0.014"/>
  <system-out><![CDATA[]]></system-out>
  <system-err><![CDATA[]]></system-err>
</testsuite>
